0 0 0 0 400000 0 0
1e-10 0 4e-05 -19158.1968193232 400000 0 0
2e-10 -1.91581968193232e-06 8e-05 -38316.3936386464 399082.40873658 0 0
3e-10 -5.74745904579696e-06 0.000119908240873658 -57430.6419729089 397247.226209741 0 0
4e-10 -1.14905232430879e-05 0.000159632963494632 -76456.99333705 394496.557353798 0 0
5e-10 -1.91362225767929e-05 0.000199082619230012 -95351.6000628737 390834.612037386 0 0
6e-10 -2.86713825830802e-05 0.00023816608043375 -114070.816115914 386267.700234781 0 0
7e-10 -4.00784641946716e-05 0.000276792850457229 -132571.297681027 380804.222368557 0 0
8e-10 -5.33355939627743e-05 0.000314873272694084 -150810.103285442 374454.654834642 0 0
9e-10 -6.84166042913186e-05 0.000352318738177548 -168744.793228527 367231.530731929 0 0
1e-09 -8.52910836141712e-05 0.000389041891250741 -186333.528088586 359149.415829659 0 0
1.1e-09 -0.00010392443642303 0.000424956832833707 -203535.16607861 350224.879816759 0 0
1.2e-09 -0.000124277953030891 0.000459979320815383 -220309.359024993 340476.46288829 0 0
1.3e-09 -0.00014630888893339 0.000494026967104212 -236616.646745895 329924.63773494 0 0
1.4e-09 -0.00016997055360798 0.000527019430877706 -252418.54960907 318591.767012225 0 0
1.5e-09 -0.000195212408568887 0.000558878607578929 -267677.65905266 306502.056376578 0 0
1.6e-09 -0.000221980174474153 0.000589528813216586 -282357.725856635 293681.503185912 0 0
1.7e-09 -0.000250215947059816 0.000618896963535178 -296423.745957211 280157.840972367 0 0
1.8e-09 -0.000279858321655537 0.000646912747632414 -309842.043601774 265960.479804944 0 0
1.9e-09 -0.000310842526015715 0.000673508795612909 -322580.351647436 251120.442669384 0 0
2e-09 -0.000343100561180458 0.000698620839879847 -334607.888812475 235670.298002113 0 0
2.1e-09 -0.000376561350061706 0.000722187869680058 -345895.433696458 219644.088524194 0 0
2.2e-09 -0.000411150893431352 0.000744152278532478 -356415.395391826 203077.25653004 0 0
2.3e-09 -0.000446792432970534 0.000764460004185482 -366141.880517153 186006.565794156 0 0
2.4e-09 -0.000483406621022249 0.000783060660764897 -375050.75651008 168470.020267294 0 0
2.5e-09 -0.000520911696673257 0.000799907662791627 -383119.71102617 150506.779741154 0 0
2.6e-09 -0.000559223667775874 0.000814958340765742 -390328.307298479 132157.07266815 0 0
2.7e-09 -0.000598256498505722 0.000828174048032557 -396658.035321584 113462.106329706 0 0
2.8e-09 -0.000637922302037881 0.000839520258665528 -402092.358733083 94463.9745530634 0 0
2.9e-09 -0.000678131537911189 0.000848966656120834 -406616.757275141 75205.5631826776 0 0
3e-09 -0.000718793213638703 0.000856487212439102 -410218.764728545 55730.4535178973 0 0
3.1e-09 -0.000759815090111557 0.000862060257790892 -412888.00222186 36082.8239337745 0 0
3.2e-09 -0.000801103890333744 0.000865668540184269 -414616.206828661 16307.3499065156 0 0
3.3e-09 -0.00084256551101661 0.000867299275174921 -415397.255376437 -3550.89733074613 0 0
3.4e-09 -0.000884105236554253 0.000866944185441846 -415227.183401568 -23446.5532725173 0 0
3.5e-09 -0.00092562795489441 0.000864599530114594 -414104.199195744 -43334.0635333684 0 0
3.6e-09 -0.000967038374813984 0.000860266123761257 -412028.692900361 -63167.7879131191 0 0
3.7e-09 -0.00100824124410402 0.000853949344969946 -409003.240616659 -82902.1048976031 0 0
3.8e-09 -0.00104914156816569 0.000845659134480185 -405032.603510747 -102491.51635629 0 0
3.9e-09 -0.00108964482851676 0.000835409982844556 -400123.721904086 -121890.752197045 0 0
4e-09 -0.00112965720070717 0.000823220907624852 -394285.70435147 -141054.874737842 0 0
4.1e-09 -0.00116908577114232 0.000809115420151068 -387529.811720089 -159939.382555369 0 0
4.2e-09 -0.00120783875231433 0.000793121481895531 -379869.436294697 -178500.313571091 0 0
4.3e-09 -0.0012458256959438 0.000775271450538422 -371320.075945432 -196694.347136539 0 0
4.4e-09 -0.00128295770353834 0.000755602015824768 -361899.303406207 -214478.90488136 0 0
4.5e-09 -0.00131914763387896 0.000734154125336632 -351626.730722932 -231812.25008994 0 0
4.6e-09 -0.00135431030695125 0.000710972900327638 -340523.968942049 -248653.585375253 0 0
4.7e-09 -0.00138836270384546 0.000686107541790112 -328614.583120925 -264963.148421975 0 0
4.8e-09 -0.00142122416215755 0.000659611226947915 -315924.042752585 -280702.305574802 0 0
4.9e-09 -0.00145281656643281 0.000631540996390435 -302479.667707986 -295833.643052327 0 0
5e-09 -0.00148306453320361 0.000601957632085202 -288310.569809551 -310321.05557181 0 0
5.1e-09 -0.00151189559018456 0.000570925526528021 -273447.590159989 -324129.832175567 0 0
5.2e-09 -0.00153924034920056 0.000538512543310464 -257923.232360405 -337226.739055703 0 0
5.3e-09 -0.0015650326724366 0.000504789869404894 -241771.591761485 -349580.099180295 0 0
5.4e-09 -0.00158920983161275 0.000469831859486864 -225028.280900949 -361159.868531014 0 0
5.5e-09 -0.00161171265970284 0.000433715872633763 -207730.351289554 -371937.70876955 0 0
5.6e-09 -0.0016324856948318 0.000396522101756808 -189916.211716716 -381887.056157931 0 0
5.7e-09 -0.00165147731600347 0.000358333396141015 -171625.543255152 -390983.186566054 0 0
5.8e-09 -0.00166863987032899 0.00031923507748441 -152899.211151955 -399203.276408317 0 0
5.9e-09 -0.00168392979144418 0.000279314749843578 -133779.173801082 -406526.459360238 0 0
6e-09 -0.00169730770882429 0.000238662103907554 -114308.388999367 -412933.878715257 0 0
6.1e-09 -0.00170873854772423 0.000197368716036028 -94530.7176948835 -418408.735251631 0 0
6.2e-09 -0.00171819161949372 0.000155527842510865 -74490.8254426964 -422936.330489308 0 0
6.3e-09 -0.00172564070203799 0.000113234209461934 -54234.0817888052 -426504.10522697 0 0
6.4e-09 -0.00173106411021687 7.05837989392372e-05 -33806.4578083361 -429101.673260033 0 0
6.5e-09 -0.0017344447559977 2.76736316132339e-05 -13254.4220287945 -430720.850191174 0 0
6.6e-09 -0.00173577019820058 -1.53984534058835e-05 7375.16502657736 -431355.677256059 0 0
6.7e-09 -0.00173503268169792 -5.85340211314894e-05 28035.1574365875 -431002.440098174 0 0
6.8e-09 -0.00173222916595426 -0.000101634265141307 48678.2313791109 -429659.682438096 0 0
6.9e-09 -0.00172736134281635 -0.000144600233385116 69256.9932828033 -427328.214594152 0 0
7e-09 -0.00172043564348807 -0.000187333054844532 89724.0883869152 -424011.116823086 0 0
7.1e-09 -0.00171146323464938 -0.00022973416652684 110032.30946111 -419713.737461209 0 0
7.2e-09 -0.00170046000370327 -0.000271705540272961 130134.705436248 -414443.685858358 0 0
7.3e-09 -0.00168744653315964 -0.000313149908858797 149984.689696749 -408210.820108927 0 0
7.4e-09 -0.00167244806418997 -0.00035397099086969 169536.147785309 -401027.229596188 0 0
7.5e-09 -0.00165549444941144 -0.000394073713829308 188743.544271589 -392907.212378036 0 0
7.6e-09 -0.00163662009498428 -0.000433364435067112 207562.028537764 -383867.247454207 0 0
7.7e-09 -0.0016158638921305 -0.000471751159812533 225947.539235813 -373925.961966846 0 0
7.8e-09 -0.00159326913820692 -0.000509143756009217 243856.907173852 -363104.093398042 0 0
7.9e-09 -0.00156888344748954 -0.000545454165349021 261247.956391906 -351424.446839572 0 0
8e-09 -0.00154275865185035 -0.000580596610032979 278079.603191091 -338911.847421567 0 0
8.1e-09 -0.00151495069153124 -0.000614487794775135 294311.952884348 -325593.087998131 0 0
8.2e-09 -0.0014855194962428 -0.000647047103574948 309906.394041547 -311496.872199037 0 0
8.3e-09 -0.00145452885683865 -0.000678196790794852 324825.690007029 -296653.7529675 0 0
8.4e-09 -0.00142204628783794 -0.000707862166091602 339034.067473384 -281096.066714682 0 0
8.5e-09 -0.00138814288109061 -0.00073597177276307 352497.301901528 -264857.863231905 0 0
8.6e-09 -0.00135289315090045 -0.000762457559086261 365182.799583884 -247974.831511631 0 0
8.7e-09 -0.00131637487094206 -0.000787255042237424 377059.676154729 -230484.221637982 0 0
8.79999999999999e-09 -0.00127866890332659 -0.000810303464401222 388098.831359452 -212424.762916975 0 0
8.89999999999999e-09 -0.00123985902019065 -0.00083154594069292 398273.019902606 -193836.578425641 0 0
8.99999999999999e-09 -0.00120003171820039 -0.000850929598535484 407556.918203262 -174761.09616784 0 0
9.09999999999999e-09 -0.00115927602638006 -0.000868405708152268 415927.186895122 -155240.957032803 0 0
9.19999999999999e-09 -0.00111768330769055 -0.000883929803855548 423362.528918259 -135319.919760192 0 0
9.29999999999999e-09 -0.00107534705479872 -0.000897461795831567 429843.743059111 -115042.763122836 0 0
9.39999999999999e-09 -0.00103236268049281 -0.000908966072143851 435353.772805476 -94455.1855451338 0 0
9.49999999999999e-09 -0.000988827303212263 -0.000918411590698364 439877.750393674 -73603.7023815282 0 0
9.59999999999999e-09 -0.000944839528172896 -0.000925771960936517 443403.035935815 -52535.5410853204 0 0
9.69999999999999e-09 -0.000900499224579314 -0.000931025515045049 445919.25152612 -31298.5345034609 0 0
9.79999999999999e-09 -0.000855907299426702 -0.000934155368495395 447418.310236555 -9941.01253780417 0 0
9.89999999999999e-09 -0.000811165468403047 -0.000935149469749176 447894.439923511 11488.3075823981 0 0
9.99999999999999e-09 -0.000766376024410696 -0.000934000638990936 447344.20177905 32940.4321682361 0 0
